<?xml version="1.0" encoding="UTF-8"?>
<!-- Generated by org.testng.reporters.JUnitXMLReporter -->
<testsuite ignored="0" hostname="KHILT-9074" failures="0" tests="3" name="Akirolabs GmbH" time="87.736" errors="0" timestamp="2023-11-23T18:51:39 PKT">
  <testcase classname="tests.E2ETest" name="verifyTitleOfLandingPage" time="0.287"/>
  <testcase classname="tests.E2ETest" name="enterProductItem" time="5.199"/>
  <testcase classname="tests.E2ETest" name="getProductItemResult" time="65.575"/>
</testsuite> <!-- Akirolabs GmbH -->
